2023-04-03 03:16:03.455658 - Initialized conversion of CBT861
2023-04-03 03:16:05.762129 - Received CBT.V504.FILE861.PDS from FILE861.XMI 
2023-04-03 03:16:05.765022 - Found $$$#DATE.txt (text/plain) in CBT.V504.FILE861.PDS, moved to PDS/$$$#DATE
2023-04-03 03:16:05.766255 - Found $$$COESP.txt (text/plain) in CBT.V504.FILE861.PDS, moved to PDS/$$$COESP
2023-04-03 03:16:05.767526 - Found $$$INDEX.txt (text/plain) in CBT.V504.FILE861.PDS, moved to PDS/$$$INDEX
2023-04-03 03:16:05.768581 - Found $$RIGHTS.txt (text/plain) in CBT.V504.FILE861.PDS, moved to PDS/$$RIGHTS
2023-04-03 03:16:05.769581 - Found $FCB2.txt (text/plain) in CBT.V504.FILE861.PDS, moved to PDS/$FCB2
2023-04-03 03:16:05.770619 - Found $FCB3.txt (text/plain) in CBT.V504.FILE861.PDS, moved to PDS/$FCB3
2023-04-03 03:16:05.771660 - Found $HEAD.txt (text/plain) in CBT.V504.FILE861.PDS, moved to PDS/$HEAD
2023-04-03 03:16:05.772730 - Found $TCKCONV.txt (text/plain) in CBT.V504.FILE861.PDS, moved to PDS/$TCKCONV
2023-04-03 03:16:05.773842 - Found #CNVRT.txt (text/plain) in CBT.V504.FILE861.PDS, moved to PDS/#CNVRT
2023-04-03 03:16:05.774807 - Found #FMT.txt (text/plain) in CBT.V504.FILE861.PDS, moved to PDS/#FMT
2023-04-03 03:16:05.775767 - Found #FOOT.txt (text/plain) in CBT.V504.FILE861.PDS, moved to PDS/#FOOT
2023-04-03 03:16:05.776657 - Found #OPMSG.txt (text/plain) in CBT.V504.FILE861.PDS, moved to PDS/#OPMSG
2023-04-03 03:16:05.777555 - Found #PRT.txt (text/plain) in CBT.V504.FILE861.PDS, moved to PDS/#PRT
2023-04-03 03:16:05.778474 - Found #PRTWRK.txt (text/plain) in CBT.V504.FILE861.PDS, moved to PDS/#PRTWRK
2023-04-03 03:16:05.779413 - Found #RDR.txt (text/plain) in CBT.V504.FILE861.PDS, moved to PDS/#RDR
2023-04-03 03:16:05.780340 - Found #RDRWRK.txt (text/plain) in CBT.V504.FILE861.PDS, moved to PDS/#RDRWRK
2023-04-03 03:16:05.781220 - Found #SORT.txt (text/plain) in CBT.V504.FILE861.PDS, moved to PDS/#SORT
2023-04-03 03:16:05.782100 - Found #TGET.txt (text/plain) in CBT.V504.FILE861.PDS, moved to PDS/#TGET
2023-04-03 03:16:05.783008 - Found #TPUT.txt (text/plain) in CBT.V504.FILE861.PDS, moved to PDS/#TPUT
2023-04-03 03:16:05.783944 - Found #TRACE.txt (text/plain) in CBT.V504.FILE861.PDS, moved to PDS/#TRACE
2023-04-03 03:16:05.785222 - Found #TRAP.txt (text/plain) in CBT.V504.FILE861.PDS, moved to PDS/#TRAP
2023-04-03 03:16:05.786210 - Found #TRC.txt (text/plain) in CBT.V504.FILE861.PDS, moved to PDS/#TRC
2023-04-03 03:16:05.787276 - Found #TRCCLC.txt (text/plain) in CBT.V504.FILE861.PDS, moved to PDS/#TRCCLC
2023-04-03 03:16:05.788237 - Found @FILE861.txt (text/plain) in CBT.V504.FILE861.PDS, moved to PDS/@FILE861
2023-04-03 03:16:05.789205 - Found @OBTAIN.txt (text/plain) in CBT.V504.FILE861.PDS, moved to PDS/@OBTAIN
2023-04-03 03:16:05.790185 - Found @PROTECT.txt (text/plain) in CBT.V504.FILE861.PDS, moved to PDS/@PROTECT
2023-04-03 03:16:05.791159 - Found @VOLRESB.txt (text/plain) in CBT.V504.FILE861.PDS, moved to PDS/@VOLRESB
2023-04-03 03:16:05.792168 - Found @VOLREST.txt (text/plain) in CBT.V504.FILE861.PDS, moved to PDS/@VOLREST
2023-04-03 03:16:05.793136 - Found AMODE.txt (text/plain) in CBT.V504.FILE861.PDS, moved to PDS/AMODE
2023-04-03 03:16:05.794094 - Found AM24.txt (text/plain) in CBT.V504.FILE861.PDS, moved to PDS/AM24
2023-04-03 03:16:05.795062 - Found AM31.txt (text/plain) in CBT.V504.FILE861.PDS, moved to PDS/AM31
2023-04-03 03:16:05.795986 - Found ARM.txt (text/plain) in CBT.V504.FILE861.PDS, moved to PDS/ARM
2023-04-03 03:16:05.796932 - Found ARMODE.txt (text/plain) in CBT.V504.FILE861.PDS, moved to PDS/ARMODE
2023-04-03 03:16:05.797877 - Found AUTHBCDE.txt (text/plain) in CBT.V504.FILE861.PDS, moved to PDS/AUTHBCDE
2023-04-03 03:16:05.798806 - Found A64D.txt (text/plain) in CBT.V504.FILE861.PDS, moved to PDS/A64D
2023-04-03 03:16:05.799754 - Found A64F.txt (text/plain) in CBT.V504.FILE861.PDS, moved to PDS/A64F
2023-04-03 03:16:05.800679 - Found BAKR.txt (text/plain) in CBT.V504.FILE861.PDS, moved to PDS/BAKR
2023-04-03 03:16:05.801600 - Found BALS.txt (text/plain) in CBT.V504.FILE861.PDS, moved to PDS/BALS
2023-04-03 03:16:05.802515 - Found BALSR.txt (text/plain) in CBT.V504.FILE861.PDS, moved to PDS/BALSR
2023-04-03 03:16:05.803507 - Found BANDAID.txt (text/plain) in CBT.V504.FILE861.PDS, moved to PDS/BANDAID
2023-04-03 03:16:05.804895 - Found BAS.txt (text/plain) in CBT.V504.FILE861.PDS, moved to PDS/BAS
2023-04-03 03:16:05.805899 - Found BASCALL.txt (text/plain) in CBT.V504.FILE861.PDS, moved to PDS/BASCALL
2023-04-03 03:16:05.806851 - Found BASEND.txt (text/plain) in CBT.V504.FILE861.PDS, moved to PDS/BASEND
2023-04-03 03:16:05.807888 - Found BASHEAD.txt (text/plain) in CBT.V504.FILE861.PDS, moved to PDS/BASHEAD
2023-04-03 03:16:05.808995 - Found BASR.txt (text/plain) in CBT.V504.FILE861.PDS, moved to PDS/BASR
2023-04-03 03:16:05.810004 - Found BASRET.txt (text/plain) in CBT.V504.FILE861.PDS, moved to PDS/BASRET
2023-04-03 03:16:05.811012 - Found BASSM.txt (text/plain) in CBT.V504.FILE861.PDS, moved to PDS/BASSM
2023-04-03 03:16:05.812021 - Found BCON.txt (text/plain) in CBT.V504.FILE861.PDS, moved to PDS/BCON
2023-04-03 03:16:05.813097 - Found BIGBEN.txt (text/plain) in CBT.V504.FILE861.PDS, moved to PDS/BIGBEN
2023-04-03 03:16:05.814087 - Found BIX.txt (text/plain) in CBT.V504.FILE861.PDS, moved to PDS/BIX
2023-04-03 03:16:05.815102 - Found BLANKOUT.txt (text/plain) in CBT.V504.FILE861.PDS, moved to PDS/BLANKOUT
2023-04-03 03:16:05.816083 - Found BLOOK.txt (text/plain) in CBT.V504.FILE861.PDS, moved to PDS/BLOOK
2023-04-03 03:16:05.817073 - Found BSM.txt (text/plain) in CBT.V504.FILE861.PDS, moved to PDS/BSM
2023-04-03 03:16:05.817975 - Found BTAB.txt (text/plain) in CBT.V504.FILE861.PDS, moved to PDS/BTAB
2023-04-03 03:16:05.818881 - Found BUILDCDE.txt (text/plain) in CBT.V504.FILE861.PDS, moved to PDS/BUILDCDE
2023-04-03 03:16:05.819936 - Found CATCALL.txt (text/plain) in CBT.V504.FILE861.PDS, moved to PDS/CATCALL
2023-04-03 03:16:05.820864 - Found CATSCAT.txt (text/plain) in CBT.V504.FILE861.PDS, moved to PDS/CATSCAT
2023-04-03 03:16:05.821800 - Found CATSPARM.txt (text/plain) in CBT.V504.FILE861.PDS, moved to PDS/CATSPARM
2023-04-03 03:16:05.822724 - Found CATSWORK.txt (text/plain) in CBT.V504.FILE861.PDS, moved to PDS/CATSWORK
2023-04-03 03:16:05.823732 - Found CLRL.txt (text/plain) in CBT.V504.FILE861.PDS, moved to PDS/CLRL
2023-04-03 03:16:05.824708 - Found CMASK.txt (text/plain) in CBT.V504.FILE861.PDS, moved to PDS/CMASK
2023-04-03 03:16:05.825609 - Found CNVA.txt (text/plain) in CBT.V504.FILE861.PDS, moved to PDS/CNVA
2023-04-03 03:16:05.826508 - Found CNVD.txt (text/plain) in CBT.V504.FILE861.PDS, moved to PDS/CNVD
2023-04-03 03:16:05.827518 - Found CNVR.txt (text/plain) in CBT.V504.FILE861.PDS, moved to PDS/CNVR
2023-04-03 03:16:05.828537 - Found CNVX.txt (text/plain) in CBT.V504.FILE861.PDS, moved to PDS/CNVX
2023-04-03 03:16:05.829481 - Found CPOOL.txt (text/plain) in CBT.V504.FILE861.PDS, moved to PDS/CPOOL
2023-04-03 03:16:05.830447 - Found CRMEND.txt (text/plain) in CBT.V504.FILE861.PDS, moved to PDS/CRMEND
2023-04-03 03:16:05.831496 - Found CRMEXIT.txt (text/plain) in CBT.V504.FILE861.PDS, moved to PDS/CRMEXIT
2023-04-03 03:16:05.832401 - Found CRMHEAD.txt (text/plain) in CBT.V504.FILE861.PDS, moved to PDS/CRMHEAD
2023-04-03 03:16:05.833315 - Found CRMS.txt (text/plain) in CBT.V504.FILE861.PDS, moved to PDS/CRMS
2023-04-03 03:16:05.834274 - Found CRMSPIE.txt (text/plain) in CBT.V504.FILE861.PDS, moved to PDS/CRMSPIE
2023-04-03 03:16:05.835239 - Found CSADD.txt (text/plain) in CBT.V504.FILE861.PDS, moved to PDS/CSADD
2023-04-03 03:16:05.836169 - Found CSDEC.txt (text/plain) in CBT.V504.FILE861.PDS, moved to PDS/CSDEC
2023-04-03 03:16:05.837074 - Found CSIRWORK.txt (text/plain) in CBT.V504.FILE861.PDS, moved to PDS/CSIRWORK
2023-04-03 03:16:05.838003 - Found CSREP.txt (text/plain) in CBT.V504.FILE861.PDS, moved to PDS/CSREP
2023-04-03 03:16:05.838943 - Found CVH.txt (text/plain) in CBT.V504.FILE861.PDS, moved to PDS/CVH
2023-04-03 03:16:05.839902 - Found CVI.txt (text/plain) in CBT.V504.FILE861.PDS, moved to PDS/CVI
2023-04-03 03:16:05.840852 - Found DASDTYPE.txt (text/plain) in CBT.V504.FILE861.PDS, moved to PDS/DASDTYPE
2023-04-03 03:16:05.841823 - Found DBO.txt (text/plain) in CBT.V504.FILE861.PDS, moved to PDS/DBO
2023-04-03 03:16:05.842741 - Found DCBEXITD.txt (text/plain) in CBT.V504.FILE861.PDS, moved to PDS/DCBEXITD
2023-04-03 03:16:05.843761 - Found DCIN.txt (text/plain) in CBT.V504.FILE861.PDS, moved to PDS/DCIN
2023-04-03 03:16:05.844719 - Found DCLC.txt (text/plain) in CBT.V504.FILE861.PDS, moved to PDS/DCLC
2023-04-03 03:16:05.845631 - Found DCON.txt (text/plain) in CBT.V504.FILE861.PDS, moved to PDS/DCON
2023-04-03 03:16:05.846618 - Found DCS.txt (text/plain) in CBT.V504.FILE861.PDS, moved to PDS/DCS
2023-04-03 03:16:05.847654 - Found DEBCNT.txt (text/plain) in CBT.V504.FILE861.PDS, moved to PDS/DEBCNT
2023-04-03 03:16:05.848701 - Found DEBDO.txt (text/plain) in CBT.V504.FILE861.PDS, moved to PDS/DEBDO
2023-04-03 03:16:05.849696 - Found DEBEND.txt (text/plain) in CBT.V504.FILE861.PDS, moved to PDS/DEBEND
2023-04-03 03:16:05.850704 - Found DEBEX.txt (text/plain) in CBT.V504.FILE861.PDS, moved to PDS/DEBEX
2023-04-03 03:16:05.851806 - Found DEBINLIN.txt (text/plain) in CBT.V504.FILE861.PDS, moved to PDS/DEBINLIN
2023-04-03 03:16:05.852890 - Found DEBPRT.txt (text/plain) in CBT.V504.FILE861.PDS, moved to PDS/DEBPRT
2023-04-03 03:16:05.853989 - Found DEBSTOMP.txt (text/plain) in CBT.V504.FILE861.PDS, moved to PDS/DEBSTOMP
2023-04-03 03:16:05.855093 - Found DEBTRACE.txt (text/plain) in CBT.V504.FILE861.PDS, moved to PDS/DEBTRACE
2023-04-03 03:16:05.856107 - Found DEBTRACY.txt (text/plain) in CBT.V504.FILE861.PDS, moved to PDS/DEBTRACY
2023-04-03 03:16:05.857034 - Found DELETEST.txt (text/plain) in CBT.V504.FILE861.PDS, moved to PDS/DELETEST
2023-04-03 03:16:05.857957 - Found DIAG.txt (text/plain) in CBT.V504.FILE861.PDS, moved to PDS/DIAG
2023-04-03 03:16:05.858895 - Found DUMP.txt (text/plain) in CBT.V504.FILE861.PDS, moved to PDS/DUMP
2023-04-03 03:16:05.859814 - Found DYNSPACE.txt (text/plain) in CBT.V504.FILE861.PDS, moved to PDS/DYNSPACE
2023-04-03 03:16:05.860777 - Found EBCDIG.txt (text/plain) in CBT.V504.FILE861.PDS, moved to PDS/EBCDIG
2023-04-03 03:16:05.861690 - Found EBCHEX.txt (text/plain) in CBT.V504.FILE861.PDS, moved to PDS/EBCHEX
2023-04-03 03:16:05.862726 - Found ENDM.txt (text/plain) in CBT.V504.FILE861.PDS, moved to PDS/ENDM
2023-04-03 03:16:05.863705 - Found ESPCVT.txt (text/plain) in CBT.V504.FILE861.PDS, moved to PDS/ESPCVT
2023-04-03 03:16:05.864685 - Found ESPHEAD.txt (text/plain) in CBT.V504.FILE861.PDS, moved to PDS/ESPHEAD
2023-04-03 03:16:05.865673 - Found ESPIE.txt (text/plain) in CBT.V504.FILE861.PDS, moved to PDS/ESPIE
2023-04-03 03:16:05.866658 - Found ESPPDS.txt (text/plain) in CBT.V504.FILE861.PDS, moved to PDS/ESPPDS
2023-04-03 03:16:05.867630 - Found FD.txt (text/plain) in CBT.V504.FILE861.PDS, moved to PDS/FD
2023-04-03 03:16:05.868556 - Found FDBAR.txt (text/plain) in CBT.V504.FILE861.PDS, moved to PDS/FDBAR
2023-04-03 03:16:05.869478 - Found FDBR.txt (text/plain) in CBT.V504.FILE861.PDS, moved to PDS/FDBR
2023-04-03 03:16:05.870377 - Found FDBUMP.txt (text/plain) in CBT.V504.FILE861.PDS, moved to PDS/FDBUMP
2023-04-03 03:16:05.871324 - Found FDCLC.txt (text/plain) in CBT.V504.FILE861.PDS, moved to PDS/FDCLC
2023-04-03 03:16:05.872276 - Found FDCLI.txt (text/plain) in CBT.V504.FILE861.PDS, moved to PDS/FDCLI
2023-04-03 03:16:05.873243 - Found FDDUMP.txt (text/plain) in CBT.V504.FILE861.PDS, moved to PDS/FDDUMP
2023-04-03 03:16:05.874225 - Found FDEXEC.txt (text/plain) in CBT.V504.FILE861.PDS, moved to PDS/FDEXEC
2023-04-03 03:16:05.875233 - Found FDFD.txt (text/plain) in CBT.V504.FILE861.PDS, moved to PDS/FDFD
2023-04-03 03:16:05.876130 - Found FDFLAG.txt (text/plain) in CBT.V504.FILE861.PDS, moved to PDS/FDFLAG
2023-04-03 03:16:05.877008 - Found FDGOTO.txt (text/plain) in CBT.V504.FILE861.PDS, moved to PDS/FDGOTO
2023-04-03 03:16:05.877890 - Found FDIN.txt (text/plain) in CBT.V504.FILE861.PDS, moved to PDS/FDIN
2023-04-03 03:16:05.878815 - Found FDINP.txt (text/plain) in CBT.V504.FILE861.PDS, moved to PDS/FDINP
2023-04-03 03:16:05.879781 - Found FDLINE.txt (text/plain) in CBT.V504.FILE861.PDS, moved to PDS/FDLINE
2023-04-03 03:16:05.880735 - Found FDLITEM.txt (text/plain) in CBT.V504.FILE861.PDS, moved to PDS/FDLITEM
2023-04-03 03:16:05.881637 - Found FDLSET.txt (text/plain) in CBT.V504.FILE861.PDS, moved to PDS/FDLSET
2023-04-03 03:16:05.882555 - Found FDLVAL.txt (text/plain) in CBT.V504.FILE861.PDS, moved to PDS/FDLVAL
2023-04-03 03:16:05.883563 - Found FDMODE.txt (text/plain) in CBT.V504.FILE861.PDS, moved to PDS/FDMODE
2023-04-03 03:16:05.884498 - Found FDOPT.txt (text/plain) in CBT.V504.FILE861.PDS, moved to PDS/FDOPT
2023-04-03 03:16:05.885416 - Found FDPRT.txt (text/plain) in CBT.V504.FILE861.PDS, moved to PDS/FDPRT
2023-04-03 03:16:05.886436 - Found FDREPT.txt (text/plain) in CBT.V504.FILE861.PDS, moved to PDS/FDREPT
2023-04-03 03:16:05.887466 - Found FDROOM.txt (text/plain) in CBT.V504.FILE861.PDS, moved to PDS/FDROOM
2023-04-03 03:16:05.888536 - Found FDSCAN.txt (text/plain) in CBT.V504.FILE861.PDS, moved to PDS/FDSCAN
2023-04-03 03:16:05.889520 - Found FDSECT.txt (text/plain) in CBT.V504.FILE861.PDS, moved to PDS/FDSECT
2023-04-03 03:16:05.890571 - Found FDSNAP.txt (text/plain) in CBT.V504.FILE861.PDS, moved to PDS/FDSNAP
2023-04-03 03:16:05.891612 - Found FDSPACE.txt (text/plain) in CBT.V504.FILE861.PDS, moved to PDS/FDSPACE
2023-04-03 03:16:05.892600 - Found FDTM.txt (text/plain) in CBT.V504.FILE861.PDS, moved to PDS/FDTM
2023-04-03 03:16:05.894177 - Found FDUEX.txt (text/plain) in CBT.V504.FILE861.PDS, moved to PDS/FDUEX
2023-04-03 03:16:05.895329 - Found FDUEXEND.txt (text/plain) in CBT.V504.FILE861.PDS, moved to PDS/FDUEXEND
2023-04-03 03:16:05.896364 - Found FDUEXHED.txt (text/plain) in CBT.V504.FILE861.PDS, moved to PDS/FDUEXHED
2023-04-03 03:16:05.897400 - Found FDUEXRET.txt (text/plain) in CBT.V504.FILE861.PDS, moved to PDS/FDUEXRET
2023-04-03 03:16:05.898376 - Found FETWORK.txt (text/plain) in CBT.V504.FILE861.PDS, moved to PDS/FETWORK
2023-04-03 03:16:05.899366 - Found FIXD.txt (text/plain) in CBT.V504.FILE861.PDS, moved to PDS/FIXD
2023-04-03 03:16:05.900303 - Found FLD.txt (text/plain) in CBT.V504.FILE861.PDS, moved to PDS/FLD
2023-04-03 03:16:05.901189 - Found FLGTAB.txt (text/plain) in CBT.V504.FILE861.PDS, moved to PDS/FLGTAB
2023-04-03 03:16:05.902087 - Found FLOATD.txt (text/plain) in CBT.V504.FILE861.PDS, moved to PDS/FLOATD
2023-04-03 03:16:05.903045 - Found FMT.txt (text/plain) in CBT.V504.FILE861.PDS, moved to PDS/FMT
2023-04-03 03:16:05.903963 - Found FSAWORK.txt (text/plain) in CBT.V504.FILE861.PDS, moved to PDS/FSAWORK
2023-04-03 03:16:05.904885 - Found GETCC.txt (text/plain) in CBT.V504.FILE861.PDS, moved to PDS/GETCC
2023-04-03 03:16:05.905807 - Found GETJESID.txt (text/plain) in CBT.V504.FILE861.PDS, moved to PDS/GETJESID
2023-04-03 03:16:05.906737 - Found GETREG.txt (text/plain) in CBT.V504.FILE861.PDS, moved to PDS/GETREG
2023-04-03 03:16:05.907703 - Found HCON.txt (text/plain) in CBT.V504.FILE861.PDS, moved to PDS/HCON
2023-04-03 03:16:05.908639 - Found IAC.txt (text/plain) in CBT.V504.FILE861.PDS, moved to PDS/IAC
2023-04-03 03:16:05.909535 - Found INC.txt (text/plain) in CBT.V504.FILE861.PDS, moved to PDS/INC
2023-04-03 03:16:05.910537 - Found INCH.txt (text/plain) in CBT.V504.FILE861.PDS, moved to PDS/INCH
2023-04-03 03:16:05.911555 - Found INDEC.txt (text/plain) in CBT.V504.FILE861.PDS, moved to PDS/INDEC
2023-04-03 03:16:05.912559 - Found INDSN.txt (text/plain) in CBT.V504.FILE861.PDS, moved to PDS/INDSN
2023-04-03 03:16:05.913508 - Found INEDIT.txt (text/plain) in CBT.V504.FILE861.PDS, moved to PDS/INEDIT
2023-04-03 03:16:05.914450 - Found INHEX.txt (text/plain) in CBT.V504.FILE861.PDS, moved to PDS/INHEX
2023-04-03 03:16:05.915403 - Found INPCLOSE.txt (text/plain) in CBT.V504.FILE861.PDS, moved to PDS/INPCLOSE
2023-04-03 03:16:05.916363 - Found INPCOM.txt (text/plain) in CBT.V504.FILE861.PDS, moved to PDS/INPCOM
2023-04-03 03:16:05.917292 - Found INPFEOV.txt (text/plain) in CBT.V504.FILE861.PDS, moved to PDS/INPFEOV
2023-04-03 03:16:05.918300 - Found INPFIND.txt (text/plain) in CBT.V504.FILE861.PDS, moved to PDS/INPFIND
2023-04-03 03:16:05.919233 - Found INPGET.txt (text/plain) in CBT.V504.FILE861.PDS, moved to PDS/INPGET
2023-04-03 03:16:05.920211 - Found INPKEEP.txt (text/plain) in CBT.V504.FILE861.PDS, moved to PDS/INPKEEP
2023-04-03 03:16:05.921090 - Found INPKEEPM.txt (text/plain) in CBT.V504.FILE861.PDS, moved to PDS/INPKEEPM
2023-04-03 03:16:05.922013 - Found INPOPEN.txt (text/plain) in CBT.V504.FILE861.PDS, moved to PDS/INPOPEN
2023-04-03 03:16:05.922975 - Found INPQMEM.txt (text/plain) in CBT.V504.FILE861.PDS, moved to PDS/INPQMEM
2023-04-03 03:16:05.923952 - Found INPREAD.txt (text/plain) in CBT.V504.FILE861.PDS, moved to PDS/INPREAD
2023-04-03 03:16:05.924922 - Found INPWORK.txt (text/plain) in CBT.V504.FILE861.PDS, moved to PDS/INPWORK
2023-04-03 03:16:05.925890 - Found IPM.txt (text/plain) in CBT.V504.FILE861.PDS, moved to PDS/IPM
2023-04-03 03:16:05.926865 - Found JOBSEPLN.txt (text/plain) in CBT.V504.FILE861.PDS, moved to PDS/JOBSEPLN
2023-04-03 03:16:05.927801 - Found LADJ.txt (text/plain) in CBT.V504.FILE861.PDS, moved to PDS/LADJ
2023-04-03 03:16:05.928826 - Found LAE.txt (text/plain) in CBT.V504.FILE861.PDS, moved to PDS/LAE
2023-04-03 03:16:05.929844 - Found LAM.txt (text/plain) in CBT.V504.FILE861.PDS, moved to PDS/LAM
2023-04-03 03:16:05.930893 - Found LAT.txt (text/plain) in CBT.V504.FILE861.PDS, moved to PDS/LAT
2023-04-03 03:16:05.931912 - Found LCSTR.txt (text/plain) in CBT.V504.FILE861.PDS, moved to PDS/LCSTR
2023-04-03 03:16:05.932943 - Found LDSUB.txt (text/plain) in CBT.V504.FILE861.PDS, moved to PDS/LDSUB
2023-04-03 03:16:05.933923 - Found LIX.txt (text/plain) in CBT.V504.FILE861.PDS, moved to PDS/LIX
2023-04-03 03:16:05.935043 - Found LMVC.txt (text/plain) in CBT.V504.FILE861.PDS, moved to PDS/LMVC
2023-04-03 03:16:05.936140 - Found LNE.txt (text/plain) in CBT.V504.FILE861.PDS, moved to PDS/LNE
2023-04-03 03:16:05.937122 - Found LNKSTK.txt (text/plain) in CBT.V504.FILE861.PDS, moved to PDS/LNKSTK
2023-04-03 03:16:05.938089 - Found LOCBYTE.txt (text/plain) in CBT.V504.FILE861.PDS, moved to PDS/LOCBYTE
2023-04-03 03:16:05.939126 - Found LOCLEN.txt (text/plain) in CBT.V504.FILE861.PDS, moved to PDS/LOCLEN
2023-04-03 03:16:05.940154 - Found LPALOOK.txt (text/plain) in CBT.V504.FILE861.PDS, moved to PDS/LPALOOK
2023-04-03 03:16:05.941078 - Found LTCB.txt (text/plain) in CBT.V504.FILE861.PDS, moved to PDS/LTCB
2023-04-03 03:16:05.942003 - Found LTJID.txt (text/plain) in CBT.V504.FILE861.PDS, moved to PDS/LTJID
2023-04-03 03:16:05.942927 - Found LTJP.txt (text/plain) in CBT.V504.FILE861.PDS, moved to PDS/LTJP
2023-04-03 03:16:05.943928 - Found LTJQEP.txt (text/plain) in CBT.V504.FILE861.PDS, moved to PDS/LTJQEP
2023-04-03 03:16:05.944870 - Found LTP.txt (text/plain) in CBT.V504.FILE861.PDS, moved to PDS/LTP
2023-04-03 03:16:05.945774 - Found MACAD.txt (text/plain) in CBT.V504.FILE861.PDS, moved to PDS/MACAD
2023-04-03 03:16:05.946782 - Found MACBDDDL.txt (text/plain) in CBT.V504.FILE861.PDS, moved to PDS/MACBDDDL
2023-04-03 03:16:05.947777 - Found MACBL.txt (text/plain) in CBT.V504.FILE861.PDS, moved to PDS/MACBL
2023-04-03 03:16:05.948751 - Found MACDC.txt (text/plain) in CBT.V504.FILE861.PDS, moved to PDS/MACDC
2023-04-03 03:16:05.949733 - Found MACDEFXT.txt (text/plain) in CBT.V504.FILE861.PDS, moved to PDS/MACDEFXT
2023-04-03 03:16:05.950619 - Found MACLIST.txt (text/plain) in CBT.V504.FILE861.PDS, moved to PDS/MACLIST
2023-04-03 03:16:05.951670 - Found MACMAPHD.txt (text/plain) in CBT.V504.FILE861.PDS, moved to PDS/MACMAPHD
2023-04-03 03:16:05.952663 - Found MACPARM.txt (text/plain) in CBT.V504.FILE861.PDS, moved to PDS/MACPARM
2023-04-03 03:16:05.953596 - Found MACPLOP.txt (text/plain) in CBT.V504.FILE861.PDS, moved to PDS/MACPLOP
2023-04-03 03:16:05.954543 - Found MACQOLIT.txt (text/plain) in CBT.V504.FILE861.PDS, moved to PDS/MACQOLIT
2023-04-03 03:16:05.955529 - Found MACQOTER.txt (text/plain) in CBT.V504.FILE861.PDS, moved to PDS/MACQOTER
2023-04-03 03:16:05.956852 - Found MACSRVLD.txt (text/plain) in CBT.V504.FILE861.PDS, moved to PDS/MACSRVLD
2023-04-03 03:16:05.957783 - Found MAPAUTO.txt (text/plain) in CBT.V504.FILE861.PDS, moved to PDS/MAPAUTO
2023-04-03 03:16:05.959042 - Found MAPCMPR.txt (text/plain) in CBT.V504.FILE861.PDS, moved to PDS/MAPCMPR
2023-04-03 03:16:05.959992 - Found MAPCMPRT.txt (text/plain) in CBT.V504.FILE861.PDS, moved to PDS/MAPCMPRT
2023-04-03 03:16:05.960906 - Found MAPDEFMT.txt (text/plain) in CBT.V504.FILE861.PDS, moved to PDS/MAPDEFMT
2023-04-03 03:16:05.961867 - Found MAPDSCHK.txt (text/plain) in CBT.V504.FILE861.PDS, moved to PDS/MAPDSCHK
2023-04-03 03:16:05.962862 - Found MAPEXTNT.txt (text/plain) in CBT.V504.FILE861.PDS, moved to PDS/MAPEXTNT
2023-04-03 03:16:05.963812 - Found MAPFD.txt (text/plain) in CBT.V504.FILE861.PDS, moved to PDS/MAPFD
2023-04-03 03:16:05.964741 - Found MAPFDL.txt (text/plain) in CBT.V504.FILE861.PDS, moved to PDS/MAPFDL
2023-04-03 03:16:05.965676 - Found MAPFDS.txt (text/plain) in CBT.V504.FILE861.PDS, moved to PDS/MAPFDS
2023-04-03 03:16:05.966588 - Found MAPFDW.txt (text/plain) in CBT.V504.FILE861.PDS, moved to PDS/MAPFDW
2023-04-03 03:16:05.967551 - Found MAPFIW.txt (text/plain) in CBT.V504.FILE861.PDS, moved to PDS/MAPFIW
2023-04-03 03:16:05.968515 - Found MAPINDEX.txt (text/plain) in CBT.V504.FILE861.PDS, moved to PDS/MAPINDEX
2023-04-03 03:16:05.969500 - Found MAPINP.txt (text/plain) in CBT.V504.FILE861.PDS, moved to PDS/MAPINP
2023-04-03 03:16:05.970433 - Found MAPINPWK.txt (text/plain) in CBT.V504.FILE861.PDS, moved to PDS/MAPINPWK
2023-04-03 03:16:05.971366 - Found MAPJOBDY.txt (text/plain) in CBT.V504.FILE861.PDS, moved to PDS/MAPJOBDY
2023-04-03 03:16:05.972258 - Found MAPJOBWK.txt (text/plain) in CBT.V504.FILE861.PDS, moved to PDS/MAPJOBWK
2023-04-03 03:16:05.973145 - Found MAPLODCB.txt (text/plain) in CBT.V504.FILE861.PDS, moved to PDS/MAPLODCB
2023-04-03 03:16:05.974048 - Found MAPMTS.txt (text/plain) in CBT.V504.FILE861.PDS, moved to PDS/MAPMTS
2023-04-03 03:16:05.975085 - Found MAPPARSE.txt (text/plain) in CBT.V504.FILE861.PDS, moved to PDS/MAPPARSE
2023-04-03 03:16:05.976179 - Found MAPPARST.txt (text/plain) in CBT.V504.FILE861.PDS, moved to PDS/MAPPARST
2023-04-03 03:16:05.977199 - Found MAPPDS.txt (text/plain) in CBT.V504.FILE861.PDS, moved to PDS/MAPPDS
2023-04-03 03:16:05.978229 - Found MAPPRT.txt (text/plain) in CBT.V504.FILE861.PDS, moved to PDS/MAPPRT
2023-04-03 03:16:05.979346 - Found MAPPRTWK.txt (text/plain) in CBT.V504.FILE861.PDS, moved to PDS/MAPPRTWK
2023-04-03 03:16:05.980409 - Found MAPRDC.txt (text/plain) in CBT.V504.FILE861.PDS, moved to PDS/MAPRDC
2023-04-03 03:16:05.981462 - Found MAPSBALL.txt (text/plain) in CBT.V504.FILE861.PDS, moved to PDS/MAPSBALL
2023-04-03 03:16:05.982711 - Found MAPSBAWK.txt (text/plain) in CBT.V504.FILE861.PDS, moved to PDS/MAPSBAWK
2023-04-03 03:16:05.983806 - Found MAPSBP2W.txt (text/plain) in CBT.V504.FILE861.PDS, moved to PDS/MAPSBP2W
2023-04-03 03:16:05.984863 - Found MAPSCR.txt (text/plain) in CBT.V504.FILE861.PDS, moved to PDS/MAPSCR
2023-04-03 03:16:05.985852 - Found MAPSCRWK.txt (text/plain) in CBT.V504.FILE861.PDS, moved to PDS/MAPSCRWK
2023-04-03 03:16:05.986850 - Found MAPTSA.txt (text/plain) in CBT.V504.FILE861.PDS, moved to PDS/MAPTSA
2023-04-03 03:16:05.987829 - Found MAPVOLRD.txt (text/plain) in CBT.V504.FILE861.PDS, moved to PDS/MAPVOLRD
2023-04-03 03:16:05.988762 - Found MAPVTOCS.txt (text/plain) in CBT.V504.FILE861.PDS, moved to PDS/MAPVTOCS
2023-04-03 03:16:05.989732 - Found MAPXWORK.txt (text/plain) in CBT.V504.FILE861.PDS, moved to PDS/MAPXWORK
2023-04-03 03:16:05.989743 - Found MASKEQU.bin containing application/octet-stream, moved to PDS/MASKEQU
2023-04-03 03:16:05.991570 - Found MAX.txt (text/plain) in CBT.V504.FILE861.PDS, moved to PDS/MAX
2023-04-03 03:16:05.992482 - Found MAXH.txt (text/plain) in CBT.V504.FILE861.PDS, moved to PDS/MAXH
2023-04-03 03:16:05.993414 - Found MDEF.txt (text/plain) in CBT.V504.FILE861.PDS, moved to PDS/MDEF
2023-04-03 03:16:05.994343 - Found MDEFDICT.txt (text/plain) in CBT.V504.FILE861.PDS, moved to PDS/MDEFDICT
2023-04-03 03:16:05.995333 - Found MDEFEND.txt (text/plain) in CBT.V504.FILE861.PDS, moved to PDS/MDEFEND
2023-04-03 03:16:05.996346 - Found MDEFGBL.txt (text/plain) in CBT.V504.FILE861.PDS, moved to PDS/MDEFGBL
2023-04-03 03:16:05.997292 - Found MDEFHEAD.txt (text/plain) in CBT.V504.FILE861.PDS, moved to PDS/MDEFHEAD
2023-04-03 03:16:05.998220 - Found MDEFPARM.txt (text/plain) in CBT.V504.FILE861.PDS, moved to PDS/MDEFPARM
2023-04-03 03:16:05.999182 - Found MIN.txt (text/plain) in CBT.V504.FILE861.PDS, moved to PDS/MIN
2023-04-03 03:16:06.000110 - Found MINH.txt (text/plain) in CBT.V504.FILE861.PDS, moved to PDS/MINH
2023-04-03 03:16:06.001018 - Found MOTE.txt (text/plain) in CBT.V504.FILE861.PDS, moved to PDS/MOTE
2023-04-03 03:16:06.001947 - Found MSORT.txt (text/plain) in CBT.V504.FILE861.PDS, moved to PDS/MSORT
2023-04-03 03:16:06.002885 - Found MTITL.txt (text/plain) in CBT.V504.FILE861.PDS, moved to PDS/MTITL
2023-04-03 03:16:06.003826 - Found MVCLIT.txt (text/plain) in CBT.V504.FILE861.PDS, moved to PDS/MVCLIT
2023-04-03 03:16:06.004802 - Found MVC2.txt (text/plain) in CBT.V504.FILE861.PDS, moved to PDS/MVC2
2023-04-03 03:16:06.005776 - Found MVICC.txt (text/plain) in CBT.V504.FILE861.PDS, moved to PDS/MVICC
2023-04-03 03:16:06.006736 - Found MVSDSAB.txt (text/plain) in CBT.V504.FILE861.PDS, moved to PDS/MVSDSAB
2023-04-03 03:16:06.007655 - Found MVSQUERY.txt (text/plain) in CBT.V504.FILE861.PDS, moved to PDS/MVSQUERY
2023-04-03 03:16:06.008621 - Found MVSSVCUP.txt (text/plain) in CBT.V504.FILE861.PDS, moved to PDS/MVSSVCUP
2023-04-03 03:16:06.009613 - Found MVST.txt (text/plain) in CBT.V504.FILE861.PDS, moved to PDS/MVST
2023-04-03 03:16:06.010583 - Found MYLVL.txt (text/plain) in CBT.V504.FILE861.PDS, moved to PDS/MYLVL
2023-04-03 03:16:06.011518 - Found OICC.txt (text/plain) in CBT.V504.FILE861.PDS, moved to PDS/OICC
2023-04-03 03:16:06.012486 - Found OPTIONGB.txt (text/plain) in CBT.V504.FILE861.PDS, moved to PDS/OPTIONGB
2023-04-03 03:16:06.013419 - Found PARFGSET.txt (text/plain) in CBT.V504.FILE861.PDS, moved to PDS/PARFGSET
2023-04-03 03:16:06.014327 - Found PARKEYAD.txt (text/plain) in CBT.V504.FILE861.PDS, moved to PDS/PARKEYAD
2023-04-03 03:16:06.015283 - Found PARKEYBX.txt (text/plain) in CBT.V504.FILE861.PDS, moved to PDS/PARKEYBX
2023-04-03 03:16:06.016284 - Found PARKEYFG.txt (text/plain) in CBT.V504.FILE861.PDS, moved to PDS/PARKEYFG
2023-04-03 03:16:06.017327 - Found PARMLOAD.txt (text/plain) in CBT.V504.FILE861.PDS, moved to PDS/PARMLOAD
2023-04-03 03:16:06.018238 - Found PARSE.txt (text/plain) in CBT.V504.FILE861.PDS, moved to PDS/PARSE
2023-04-03 03:16:06.019225 - Found PATCH.txt (text/plain) in CBT.V504.FILE861.PDS, moved to PDS/PATCH
2023-04-03 03:16:06.020139 - Found PFKEYS.txt (text/plain) in CBT.V504.FILE861.PDS, moved to PDS/PFKEYS
2023-04-03 03:16:06.021042 - Found PGMBAKR.txt (text/plain) in CBT.V504.FILE861.PDS, moved to PDS/PGMBAKR
2023-04-03 03:16:06.021948 - Found PGMBAND.txt (text/plain) in CBT.V504.FILE861.PDS, moved to PDS/PGMBAND
2023-04-03 03:16:06.022934 - Found PGMEXIT.txt (text/plain) in CBT.V504.FILE861.PDS, moved to PDS/PGMEXIT
2023-04-03 03:16:06.023994 - Found PGMHEAD.txt (text/plain) in CBT.V504.FILE861.PDS, moved to PDS/PGMHEAD
2023-04-03 03:16:06.025022 - Found PGMPATCH.txt (text/plain) in CBT.V504.FILE861.PDS, moved to PDS/PGMPATCH
2023-04-03 03:16:06.026008 - Found PRTBIG.txt (text/plain) in CBT.V504.FILE861.PDS, moved to PDS/PRTBIG
2023-04-03 03:16:06.027010 - Found PRTCLOSE.txt (text/plain) in CBT.V504.FILE861.PDS, moved to PDS/PRTCLOSE
2023-04-03 03:16:06.027960 - Found PRTCOM.txt (text/plain) in CBT.V504.FILE861.PDS, moved to PDS/PRTCOM
2023-04-03 03:16:06.028892 - Found PRTDATA.txt (text/plain) in CBT.V504.FILE861.PDS, moved to PDS/PRTDATA
2023-04-03 03:16:06.029911 - Found PRTF.txt (text/plain) in CBT.V504.FILE861.PDS, moved to PDS/PRTF
2023-04-03 03:16:06.030836 - Found PRTITEM.txt (text/plain) in CBT.V504.FILE861.PDS, moved to PDS/PRTITEM
2023-04-03 03:16:06.031758 - Found PRTL.txt (text/plain) in CBT.V504.FILE861.PDS, moved to PDS/PRTL
2023-04-03 03:16:06.032691 - Found PRTLIST.txt (text/plain) in CBT.V504.FILE861.PDS, moved to PDS/PRTLIST
2023-04-03 03:16:06.033592 - Found PRTOPEN.txt (text/plain) in CBT.V504.FILE861.PDS, moved to PDS/PRTOPEN
2023-04-03 03:16:06.034482 - Found PRTROOM.txt (text/plain) in CBT.V504.FILE861.PDS, moved to PDS/PRTROOM
2023-04-03 03:16:06.035472 - Found PRTS.txt (text/plain) in CBT.V504.FILE861.PDS, moved to PDS/PRTS
2023-04-03 03:16:06.036412 - Found PRTSNAP.txt (text/plain) in CBT.V504.FILE861.PDS, moved to PDS/PRTSNAP
2023-04-03 03:16:06.037420 - Found PRTSPACE.txt (text/plain) in CBT.V504.FILE861.PDS, moved to PDS/PRTSPACE
2023-04-03 03:16:06.038324 - Found PRTV.txt (text/plain) in CBT.V504.FILE861.PDS, moved to PDS/PRTV
2023-04-03 03:16:06.039292 - Found PRTWORK.txt (text/plain) in CBT.V504.FILE861.PDS, moved to PDS/PRTWORK
2023-04-03 03:16:06.040375 - Found PSWSECT.txt (text/plain) in CBT.V504.FILE861.PDS, moved to PDS/PSWSECT
2023-04-03 03:16:06.041319 - Found PUNWORK.txt (text/plain) in CBT.V504.FILE861.PDS, moved to PDS/PUNWORK
2023-04-03 03:16:06.042250 - Found RANDOM.txt (text/plain) in CBT.V504.FILE861.PDS, moved to PDS/RANDOM
2023-04-03 03:16:06.043172 - Found READFDR.txt (text/plain) in CBT.V504.FILE861.PDS, moved to PDS/READFDR
2023-04-03 03:16:06.044124 - Found READTMC.txt (text/plain) in CBT.V504.FILE861.PDS, moved to PDS/READTMC
2023-04-03 03:16:06.045070 - Found REGEQU.txt (text/plain) in CBT.V504.FILE861.PDS, moved to PDS/REGEQU
2023-04-03 03:16:06.046029 - Found RET31.txt (text/plain) in CBT.V504.FILE861.PDS, moved to PDS/RET31
2023-04-03 03:16:06.047108 - Found RMODE.txt (text/plain) in CBT.V504.FILE861.PDS, moved to PDS/RMODE
2023-04-03 03:16:06.048064 - Found RP.txt (text/plain) in CBT.V504.FILE861.PDS, moved to PDS/RP
2023-04-03 03:16:06.048961 - Found RSECT.txt (text/plain) in CBT.V504.FILE861.PDS, moved to PDS/RSECT
2023-04-03 03:16:06.049834 - Found SAC.txt (text/plain) in CBT.V504.FILE861.PDS, moved to PDS/SAC
2023-04-03 03:16:06.050787 - Found SAVEM.txt (text/plain) in CBT.V504.FILE861.PDS, moved to PDS/SAVEM
2023-04-03 03:16:06.051755 - Found SAVEX.txt (text/plain) in CBT.V504.FILE861.PDS, moved to PDS/SAVEX
2023-04-03 03:16:06.052683 - Found SCBILD.txt (text/plain) in CBT.V504.FILE861.PDS, moved to PDS/SCBILD
2023-04-03 03:16:06.053690 - Found SCRANAL.txt (text/plain) in CBT.V504.FILE861.PDS, moved to PDS/SCRANAL
2023-04-03 03:16:06.054595 - Found SCRCLOSE.txt (text/plain) in CBT.V504.FILE861.PDS, moved to PDS/SCRCLOSE
2023-04-03 03:16:06.055642 - Found SCRCOM.txt (text/plain) in CBT.V504.FILE861.PDS, moved to PDS/SCRCOM
2023-04-03 03:16:06.056614 - Found SCREDIT.txt (text/plain) in CBT.V504.FILE861.PDS, moved to PDS/SCREDIT
2023-04-03 03:16:06.057646 - Found SCRINIT.txt (text/plain) in CBT.V504.FILE861.PDS, moved to PDS/SCRINIT
2023-04-03 03:16:06.058583 - Found SCRITEM.txt (text/plain) in CBT.V504.FILE861.PDS, moved to PDS/SCRITEM
2023-04-03 03:16:06.059522 - Found SCRLIST.txt (text/plain) in CBT.V504.FILE861.PDS, moved to PDS/SCRLIST
2023-04-03 03:16:06.060587 - Found SCRLOOP.txt (text/plain) in CBT.V504.FILE861.PDS, moved to PDS/SCRLOOP
2023-04-03 03:16:06.061721 - Found SCRMARK.txt (text/plain) in CBT.V504.FILE861.PDS, moved to PDS/SCRMARK
2023-04-03 03:16:06.062824 - Found SCRMOVE.txt (text/plain) in CBT.V504.FILE861.PDS, moved to PDS/SCRMOVE
2023-04-03 03:16:06.063891 - Found SCRN.txt (text/plain) in CBT.V504.FILE861.PDS, moved to PDS/SCRN
2023-04-03 03:16:06.064930 - Found SCROPEN.txt (text/plain) in CBT.V504.FILE861.PDS, moved to PDS/SCROPEN
2023-04-03 03:16:06.065893 - Found SCRPAGE.txt (text/plain) in CBT.V504.FILE861.PDS, moved to PDS/SCRPAGE
2023-04-03 03:16:06.066836 - Found SCRSCAN.txt (text/plain) in CBT.V504.FILE861.PDS, moved to PDS/SCRSCAN
2023-04-03 03:16:06.067825 - Found SCRWORK.txt (text/plain) in CBT.V504.FILE861.PDS, moved to PDS/SCRWORK
2023-04-03 03:16:06.068846 - Found SERVCALC.txt (text/plain) in CBT.V504.FILE861.PDS, moved to PDS/SERVCALC
2023-04-03 03:16:06.069837 - Found SERVCALL.txt (text/plain) in CBT.V504.FILE861.PDS, moved to PDS/SERVCALL
2023-04-03 03:16:06.070810 - Found SERVCOMP.txt (text/plain) in CBT.V504.FILE861.PDS, moved to PDS/SERVCOMP
2023-04-03 03:16:06.071771 - Found SERVDEFS.txt (text/plain) in CBT.V504.FILE861.PDS, moved to PDS/SERVDEFS
2023-04-03 03:16:06.072739 - Found SERVFLAG.txt (text/plain) in CBT.V504.FILE861.PDS, moved to PDS/SERVFLAG
2023-04-03 03:16:06.073713 - Found SERVICE.txt (text/plain) in CBT.V504.FILE861.PDS, moved to PDS/SERVICE
2023-04-03 03:16:06.074662 - Found SERVINIT.txt (text/plain) in CBT.V504.FILE861.PDS, moved to PDS/SERVINIT
2023-04-03 03:16:06.075717 - Found SERVJES.txt (text/plain) in CBT.V504.FILE861.PDS, moved to PDS/SERVJES
2023-04-03 03:16:06.076683 - Found SERVLOAD.txt (text/plain) in CBT.V504.FILE861.PDS, moved to PDS/SERVLOAD
2023-04-03 03:16:06.077650 - Found SERVPDS.txt (text/plain) in CBT.V504.FILE861.PDS, moved to PDS/SERVPDS
2023-04-03 03:16:06.078549 - Found SERVSORT.txt (text/plain) in CBT.V504.FILE861.PDS, moved to PDS/SERVSORT
2023-04-03 03:16:06.079506 - Found SERVTERM.txt (text/plain) in CBT.V504.FILE861.PDS, moved to PDS/SERVTERM
2023-04-03 03:16:06.080515 - Found SERVTREE.txt (text/plain) in CBT.V504.FILE861.PDS, moved to PDS/SERVTREE
2023-04-03 03:16:06.081415 - Found SERVWORK.txt (text/plain) in CBT.V504.FILE861.PDS, moved to PDS/SERVWORK
2023-04-03 03:16:06.082349 - Found SETAM.txt (text/plain) in CBT.V504.FILE861.PDS, moved to PDS/SETAM
2023-04-03 03:16:06.083326 - Found SETCC.txt (text/plain) in CBT.V504.FILE861.PDS, moved to PDS/SETCC
2023-04-03 03:16:06.084281 - Found SMFSEAC.txt (text/plain) in CBT.V504.FILE861.PDS, moved to PDS/SMFSEAC
2023-04-03 03:16:06.085208 - Found SMPIOWK.txt (text/plain) in CBT.V504.FILE861.PDS, moved to PDS/SMPIOWK
2023-04-03 03:16:06.086242 - Found SPLEVEL.txt (text/plain) in CBT.V504.FILE861.PDS, moved to PDS/SPLEVEL
2023-04-03 03:16:06.087189 - Found SRST.txt (text/plain) in CBT.V504.FILE861.PDS, moved to PDS/SRST
2023-04-03 03:16:06.088122 - Found ST@.txt (text/plain) in CBT.V504.FILE861.PDS, moved to PDS/ST@
2023-04-03 03:16:06.089041 - Found STAM.txt (text/plain) in CBT.V504.FILE861.PDS, moved to PDS/STAM
2023-04-03 03:16:06.089954 - Found STITL.txt (text/plain) in CBT.V504.FILE861.PDS, moved to PDS/STITL
2023-04-03 03:16:06.090913 - Found STMAX.txt (text/plain) in CBT.V504.FILE861.PDS, moved to PDS/STMAX
2023-04-03 03:16:06.091853 - Found STMIN.txt (text/plain) in CBT.V504.FILE861.PDS, moved to PDS/STMIN
2023-04-03 03:16:06.092845 - Found STOMP.txt (text/plain) in CBT.V504.FILE861.PDS, moved to PDS/STOMP
2023-04-03 03:16:06.093818 - Found STORAGE.txt (text/plain) in CBT.V504.FILE861.PDS, moved to PDS/STORAGE
2023-04-03 03:16:06.094804 - Found STORQ.txt (text/plain) in CBT.V504.FILE861.PDS, moved to PDS/STORQ
2023-04-03 03:16:06.095894 - Found SUBCALL.txt (text/plain) in CBT.V504.FILE861.PDS, moved to PDS/SUBCALL
2023-04-03 03:16:06.096911 - Found SUBENT.txt (text/plain) in CBT.V504.FILE861.PDS, moved to PDS/SUBENT
2023-04-03 03:16:06.097876 - Found SUBEX.txt (text/plain) in CBT.V504.FILE861.PDS, moved to PDS/SUBEX
2023-04-03 03:16:06.098952 - Found SUBHEAD.txt (text/plain) in CBT.V504.FILE861.PDS, moved to PDS/SUBHEAD
2023-04-03 03:16:06.100040 - Found SUBRET.txt (text/plain) in CBT.V504.FILE861.PDS, moved to PDS/SUBRET
2023-04-03 03:16:06.101069 - Found SVCJFCB.txt (text/plain) in CBT.V504.FILE861.PDS, moved to PDS/SVCJFCB
2023-04-03 03:16:06.102045 - Found SWAP.txt (text/plain) in CBT.V504.FILE861.PDS, moved to PDS/SWAP
2023-04-03 03:16:06.103049 - Found SWAPR.txt (text/plain) in CBT.V504.FILE861.PDS, moved to PDS/SWAPR
2023-04-03 03:16:06.104178 - Found SWATCH.txt (text/plain) in CBT.V504.FILE861.PDS, moved to PDS/SWATCH
2023-04-03 03:16:06.105241 - Found SYSPARM.txt (text/plain) in CBT.V504.FILE861.PDS, moved to PDS/SYSPARM
2023-04-03 03:16:06.106239 - Found S64D.txt (text/plain) in CBT.V504.FILE861.PDS, moved to PDS/S64D
2023-04-03 03:16:06.107235 - Found S64F.txt (text/plain) in CBT.V504.FILE861.PDS, moved to PDS/S64F
2023-04-03 03:16:06.108422 - Found S99FAIL.txt (text/plain) in CBT.V504.FILE861.PDS, moved to PDS/S99FAIL
2023-04-03 03:16:06.109501 - Found TERMTYPE.txt (text/plain) in CBT.V504.FILE861.PDS, moved to PDS/TERMTYPE
2023-04-03 03:16:06.110590 - Found TIC.txt (text/plain) in CBT.V504.FILE861.PDS, moved to PDS/TIC
2023-04-03 03:16:06.111828 - Found TMONSECT.txt (text/plain) in CBT.V504.FILE861.PDS, moved to PDS/TMONSECT
2023-04-03 03:16:06.112910 - Found TMSREC.txt (text/plain) in CBT.V504.FILE861.PDS, moved to PDS/TMSREC
2023-04-03 03:16:06.114053 - Found TRANHEAD.txt (text/plain) in CBT.V504.FILE861.PDS, moved to PDS/TRANHEAD
2023-04-03 03:16:06.115153 - Found TRENT.txt (text/plain) in CBT.V504.FILE861.PDS, moved to PDS/TRENT
2023-04-03 03:16:06.116178 - Found TRINV.txt (text/plain) in CBT.V504.FILE861.PDS, moved to PDS/TRINV
2023-04-03 03:16:06.117281 - Found TRTAB.txt (text/plain) in CBT.V504.FILE861.PDS, moved to PDS/TRTAB
2023-04-03 03:16:06.118447 - Found TRTSMF.txt (text/plain) in CBT.V504.FILE861.PDS, moved to PDS/TRTSMF
2023-04-03 03:16:06.119571 - Found TSX.txt (text/plain) in CBT.V504.FILE861.PDS, moved to PDS/TSX
2023-04-03 03:16:06.120777 - Found UCBDEVN.txt (text/plain) in CBT.V504.FILE861.PDS, moved to PDS/UCBDEVN
2023-04-03 03:16:06.121996 - Found UNITY.txt (text/plain) in CBT.V504.FILE861.PDS, moved to PDS/UNITY
2023-04-03 03:16:06.123167 - Found USERHMT.txt (text/plain) in CBT.V504.FILE861.PDS, moved to PDS/USERHMT
2023-04-03 03:16:06.124203 - Found VCON.txt (text/plain) in CBT.V504.FILE861.PDS, moved to PDS/VCON
2023-04-03 03:16:06.125246 - Found VERBTAB.txt (text/plain) in CBT.V504.FILE861.PDS, moved to PDS/VERBTAB
2023-04-03 03:16:06.126243 - Found VFORM.txt (text/plain) in CBT.V504.FILE861.PDS, moved to PDS/VFORM
2023-04-03 03:16:06.127273 - Found VLOOK.txt (text/plain) in CBT.V504.FILE861.PDS, moved to PDS/VLOOK
2023-04-03 03:16:06.128414 - Found VNENTRY.txt (text/plain) in CBT.V504.FILE861.PDS, moved to PDS/VNENTRY
2023-04-03 03:16:06.129432 - Found VNEXIT.txt (text/plain) in CBT.V504.FILE861.PDS, moved to PDS/VNEXIT
2023-04-03 03:16:06.130406 - Found VOLREAD.txt (text/plain) in CBT.V504.FILE861.PDS, moved to PDS/VOLREAD
2023-04-03 03:16:06.131379 - Found VTAB.txt (text/plain) in CBT.V504.FILE861.PDS, moved to PDS/VTAB
2023-04-03 03:16:06.132332 - Found VTOBYTE.txt (text/plain) in CBT.V504.FILE861.PDS, moved to PDS/VTOBYTE
2023-04-03 03:16:06.133388 - Found VTOCHAR.txt (text/plain) in CBT.V504.FILE861.PDS, moved to PDS/VTOCHAR
2023-04-03 03:16:06.134547 - Found VTOTAB.txt (text/plain) in CBT.V504.FILE861.PDS, moved to PDS/VTOTAB
2023-04-03 03:16:06.135759 - Found WTBLD.txt (text/plain) in CBT.V504.FILE861.PDS, moved to PDS/WTBLD
2023-04-03 03:16:06.136783 - Found WTCLR.txt (text/plain) in CBT.V504.FILE861.PDS, moved to PDS/WTCLR
2023-04-03 03:16:06.137778 - Found WTERM.txt (text/plain) in CBT.V504.FILE861.PDS, moved to PDS/WTERM
2023-04-03 03:16:06.138897 - Found WTLST.txt (text/plain) in CBT.V504.FILE861.PDS, moved to PDS/WTLST
2023-04-03 03:16:06.140166 - Found WTLTP.txt (text/plain) in CBT.V504.FILE861.PDS, moved to PDS/WTLTP
2023-04-03 03:16:06.141394 - Found WTPVT.txt (text/plain) in CBT.V504.FILE861.PDS, moved to PDS/WTPVT
2023-04-03 03:16:06.142569 - Found WTU.txt (text/plain) in CBT.V504.FILE861.PDS, moved to PDS/WTU
2023-04-03 03:16:06.143804 - Found WTWRK.txt (text/plain) in CBT.V504.FILE861.PDS, moved to PDS/WTWRK
2023-04-03 03:16:06.144797 - Found XCURCON.txt (text/plain) in CBT.V504.FILE861.PDS, moved to PDS/XCURCON
2023-04-03 03:16:06.145731 - Found XCURSOR.txt (text/plain) in CBT.V504.FILE861.PDS, moved to PDS/XCURSOR
2023-04-03 03:16:06.146766 - Found XDEVOPT.txt (text/plain) in CBT.V504.FILE861.PDS, moved to PDS/XDEVOPT
2023-04-03 03:16:06.147795 - Found XDEVPFK.txt (text/plain) in CBT.V504.FILE861.PDS, moved to PDS/XDEVPFK
2023-04-03 03:16:06.148738 - Found XFORMAT.txt (text/plain) in CBT.V504.FILE861.PDS, moved to PDS/XFORMAT
2023-04-03 03:16:06.149696 - Found XMSG.txt (text/plain) in CBT.V504.FILE861.PDS, moved to PDS/XMSG
2023-04-03 03:16:06.150611 - Found XRAND.txt (text/plain) in CBT.V504.FILE861.PDS, moved to PDS/XRAND
2023-04-03 03:16:06.151627 - Found XREQUIRE.txt (text/plain) in CBT.V504.FILE861.PDS, moved to PDS/XREQUIRE
2023-04-03 03:16:06.152790 - Found XSCLINE.txt (text/plain) in CBT.V504.FILE861.PDS, moved to PDS/XSCLINE
2023-04-03 03:16:06.153859 - Found XTAB.txt (text/plain) in CBT.V504.FILE861.PDS, moved to PDS/XTAB
2023-04-03 03:16:06.154950 - Found XTRAP.txt (text/plain) in CBT.V504.FILE861.PDS, moved to PDS/XTRAP
2023-04-03 03:16:06.156074 - Found XXHHEX.txt (text/plain) in CBT.V504.FILE861.PDS, moved to PDS/XXHHEX
2023-04-03 03:16:06.157215 - Found XXHINT.txt (text/plain) in CBT.V504.FILE861.PDS, moved to PDS/XXHINT
2023-04-03 03:16:06.158316 - Found X4CMD.txt (text/plain) in CBT.V504.FILE861.PDS, moved to PDS/X4CMD
2023-04-03 03:16:06.159341 - Found X4050.txt (text/plain) in CBT.V504.FILE861.PDS, moved to PDS/X4050
2023-04-03 03:16:06.160326 - Found YCON.txt (text/plain) in CBT.V504.FILE861.PDS, moved to PDS/YCON
2023-04-03 03:16:06.161316 - Found YREGS.txt (text/plain) in CBT.V504.FILE861.PDS, moved to PDS/YREGS
2023-04-03 03:16:06.162400 - Found ZI.txt (text/plain) in CBT.V504.FILE861.PDS, moved to PDS/ZI
